Buildfile: build.xml

train concrete:
     [java] DBManager Initialized with parameters : 
     [java] Connection : jdbc:mysql://localhost:3306/objectsearch
     [java] Username : objectsearch
     [java] Password : objectsearch
     [java] TrainingSession : Initializing with LbjseTrainingSession(2,7,professor name,lbj.professor.name_ranker,lbj.professor.name_features,null)
     [java] Number of queries 23
     [java] initFeatures session 4
     [java] Feature : lbj.professor:InTitle_name(true)
     [java] Feature : lbj.professor:InBody_name(true)
     [java] Feature : lbj.professor:SurroundingWordsInBody_name(professor)
     [java] Feature : lbj.professor:SurroundingWordsInBody_name(of)
     [java] Feature : lbj.professor:SurroundingWordsInBody_name(associate)
     [java] Feature : lbj.professor:SurroundingWordsInBody_name(edu)
     [java] Feature : lbj.professor:SurroundingWordsInTitle_name(s)
     [java] Initialized with 7 features. 
     [java] ........................................
     [java] ........................................
     [java] ........................................
     [java] ........................................
     [java] ........................................
     [java] ........................................
     [java] ........................................
     [java] ........................................
     [java] ........................................
     [java] ........................................
     [java] ........................................
     [java] ........................................
     [java] ........................................
     [java] ........................................
     [java] ........................................
     [java] ........................................
     [java] ........................................
     [java] ........................................
     [java] ........................................
     [java] ........................................
     [java] ........................................
     [java] ........................................
     [java] ........................................
     [java] ........................................
     [java] ........................................
     [java] ........................................
     [java] ........................................
     [java] ........................................
     [java] ........................................
     [java] ........................................
     [java] ........................................
     [java] ........................................
     [java] ........................................
     [java] ........................................
     [java] ........................................
     [java] ......one round
     [java]  Label   Precision Recall   F1   LCount PCount
     [java] ----------------------------------------------
     [java] false       99.888 99.901 99.894  29330  29334
     [java] true        85.354 83.663 84.500    202    198
     [java] ----------------------------------------------
     [java] Accuracy    99.790   -      -      -     29532
     [java] Accuracy : 0.9979005824190709
     [java] ..................................
     [java] ........................................
     [java] ........................................
     [java] ........................................
     [java] ........................................
     [java] ........................................
     [java] ........................................
     [java] ........................................
     [java] ........................................
     [java] ........................................
     [java] ........................................
     [java] ........................................
     [java] ........................................
     [java] ........................................
     [java] ........................................
     [java] ........................................
     [java] ........................................
     [java] ........................................
     [java] ........................................
     [java] ........................................
     [java] ........................................
     [java] ........................................
     [java] ........................................
     [java] ........................................
     [java] ........................................
     [java] ........................................
     [java] ........................................
     [java] ........................................
     [java] ........................................
     [java] ........................................
     [java] ........................................
     [java] ........................................
     [java] ........................................
     [java] ........................................
     [java] ........................................
     [java] ............one round
     [java]  Label   Precision Recall   F1   LCount PCount
     [java] ----------------------------------------------
     [java] false       99.888 99.901 99.894  29330  29334
     [java] true        85.354 83.663 84.500    202    198
     [java] ----------------------------------------------
     [java] Accuracy    99.790   -      -      -     29532
     [java] Accuracy : 0.9979005824190709
     [java] ............................
     [java] ........................................
     [java] ........................................
     [java] ........................................
     [java] ........................................
     [java] ........................................
     [java] ........................................
     [java] ........................................
     [java] ........................................
     [java] ........................................
     [java] ........................................
     [java] ........................................
     [java] ........................................
     [java] ........................................
     [java] ........................................
     [java] ........................................
     [java] ........................................
     [java] ........................................
     [java] ........................................
     [java] ........................................
     [java] ........................................
     [java] ........................................
     [java] ........................................
     [java] ........................................
     [java] ........................................
     [java] ........................................
     [java] ........................................
     [java] ........................................
     [java] ........................................
     [java] ........................................
     [java] ........................................
     [java] ........................................
     [java] ........................................
     [java] ........................................
     [java] ........................................
     [java] ...................one round
     [java]  Label   Precision Recall   F1   LCount PCount
     [java] ----------------------------------------------
     [java] false       99.888 99.901 99.894  29330  29334
     [java] true        85.354 83.663 84.500    202    198
     [java] ----------------------------------------------
     [java] Accuracy    99.790   -      -      -     29532
     [java] Accuracy : 0.9979005824190709
     [java] .....................
     [java] ........................................
     [java] ........................................
     [java] ........................................
     [java] ........................................
     [java] ........................................
     [java] ........................................
     [java] ........................................
     [java] ........................................
     [java] ........................................
     [java] ........................................
     [java] ........................................
     [java] ........................................
     [java] ........................................
     [java] ........................................
     [java] ........................................
     [java] ........................................
     [java] ........................................
     [java] ........................................
     [java] ........................................
     [java] ........................................
     [java] ........................................
     [java] ........................................
     [java] ........................................
     [java] ........................................
     [java] ........................................
     [java] ........................................
     [java] ........................................
     [java] ........................................
     [java] ........................................
     [java] ........................................
     [java] ........................................
     [java] ........................................
     [java] ........................................
     [java] ........................................
     [java] .........................one round
     [java]  Label   Precision Recall   F1   LCount PCount
     [java] ----------------------------------------------
     [java] false       99.888 99.901 99.894  29330  29334
     [java] true        85.354 83.663 84.500    202    198
     [java] ----------------------------------------------
     [java] Accuracy    99.790   -      -      -     29532
     [java] Accuracy : 0.9979005824190709
     [java] ...............
     [java] ........................................
     [java] ........................................
     [java] ........................................
     [java] ........................................
     [java] ........................................
     [java] ........................................
     [java] ........................................
     [java] ........................................
     [java] ........................................
     [java] ........................................
     [java] ........................................
     [java] ........................................
     [java] ........................................
     [java] ........................................
     [java] ........................................
     [java] ........................................
     [java] ........................................
     [java] ........................................
     [java] ........................................
     [java] ........................................
     [java] ........................................
     [java] ........................................
     [java] ........................................
     [java] ........................................
     [java] ........................................
     [java] ........................................
     [java] ........................................
     [java] ........................................
     [java] ........................................
     [java] ........................................
     [java] ........................................
     [java] ........................................
     [java] ........................................
     [java] ........................................
     [java] ................................one round
     [java]  Label   Precision Recall   F1   LCount PCount
     [java] ----------------------------------------------
     [java] false       99.888 99.915 99.901  29330  29338
     [java] true        87.113 83.663 85.354    202    194
     [java] ----------------------------------------------
     [java] Accuracy    99.804   -      -      -     29532
     [java] Accuracy : 0.9980360287146146
     [java] ........
     [java] ........................................
     [java] ........................................
     [java] ........................................
     [java] ........................................
     [java] ........................................
     [java] ........................................
     [java] ........................................
     [java] ........................................
     [java] ........................................
     [java] ........................................
     [java] ........................................
     [java] ........................................
     [java] ........................................
     [java] ........................................
     [java] ........................................
     [java] ........................................
     [java] ........................................
     [java] ........................................
     [java] ........................................
     [java] ........................................
     [java] ........................................
     [java] ........................................
     [java] ........................................
     [java] ........................................
     [java] ........................................
     [java] ........................................
     [java] ........................................
     [java] ........................................
     [java] ........................................
     [java] ........................................
     [java] ........................................
     [java] ........................................
     [java] ........................................
     [java] ........................................
     [java] ......................................one round
     [java]  Label   Precision Recall   F1   LCount PCount
     [java] ----------------------------------------------
     [java] false       99.888 99.915 99.901  29330  29338
     [java] true        87.113 83.663 85.354    202    194
     [java] ----------------------------------------------
     [java] Accuracy    99.804   -      -      -     29532
     [java] Accuracy : 0.9980360287146146
     [java] ..
     [java] ........................................
     [java] ........................................
     [java] ........................................
     [java] ........................................
     [java] ........................................
     [java] ........................................
     [java] ........................................
     [java] ........................................
     [java] ........................................
     [java] ........................................
     [java] ........................................
     [java] ........................................
     [java] ........................................
     [java] ........................................
     [java] ........................................
     [java] ........................................
     [java] ........................................
     [java] ........................................
     [java] ........................................
     [java] ........................................
     [java] ........................................
     [java] ........................................
     [java] ........................................
     [java] ........................................
     [java] ........................................
     [java] ........................................
     [java] ........................................
     [java] ........................................
     [java] ........................................
     [java] ........................................
     [java] ........................................
     [java] ........................................
     [java] ........................................
     [java] ........................................
     [java] ........................................
     [java] .....one round
     [java]  Label   Precision Recall   F1   LCount PCount
     [java] ----------------------------------------------
     [java] false       99.888 99.915 99.901  29330  29338
     [java] true        87.113 83.663 85.354    202    194
     [java] ----------------------------------------------
     [java] Accuracy    99.804   -      -      -     29532
     [java] Accuracy : 0.9980360287146146
     [java] ...................................
     [java] ........................................
     [java] ........................................
     [java] ........................................
     [java] ........................................
     [java] ........................................
     [java] ........................................
     [java] ........................................
     [java] ........................................
     [java] ........................................
     [java] ........................................
     [java] ........................................
     [java] ........................................
     [java] ........................................
     [java] ........................................
     [java] ........................................
     [java] ........................................
     [java] ........................................
     [java] ........................................
     [java] ........................................
     [java] ........................................
     [java] ........................................
     [java] ........................................
     [java] ........................................
     [java] ........................................
     [java] ........................................
     [java] ........................................
     [java] ........................................
     [java] ........................................
     [java] ........................................
     [java] ........................................
     [java] ........................................
     [java] ........................................
     [java] ........................................
     [java] ........................................
     [java] ...........one round
     [java]  Label   Precision Recall   F1   LCount PCount
     [java] ----------------------------------------------
     [java] false       99.888 99.915 99.901  29330  29338
     [java] true        87.113 83.663 85.354    202    194
     [java] ----------------------------------------------
     [java] Accuracy    99.804   -      -      -     29532
     [java] Accuracy : 0.9980360287146146
     [java] .............................
     [java] ........................................
     [java] ........................................
     [java] ........................................
     [java] ........................................
     [java] ........................................
     [java] ........................................
     [java] ........................................
     [java] ........................................
     [java] ........................................
     [java] ........................................
     [java] ........................................
     [java] ........................................
     [java] ........................................
     [java] ........................................
     [java] ........................................
     [java] ........................................
     [java] ........................................
     [java] ........................................
     [java] ........................................
     [java] ........................................
     [java] ........................................
     [java] ........................................
     [java] ........................................
     [java] ........................................
     [java] ........................................
     [java] ........................................
     [java] ........................................
     [java] ........................................
     [java] ........................................
     [java] ........................................
     [java] ........................................
     [java] ........................................
     [java] ........................................
     [java] ........................................
     [java] ..................one round
     [java]  Label   Precision Recall   F1   LCount PCount
     [java] ----------------------------------------------
     [java] false       99.888 99.915 99.901  29330  29338
     [java] true        87.113 83.663 85.354    202    194
     [java] ----------------------------------------------
     [java] Accuracy    99.804   -      -      -     29532
     [java] Accuracy : 0.9980360287146146
     [java] ......................
     [java] ........................................
     [java] ........................................
     [java] ........................................
     [java] ........................................
     [java] ........................................
     [java] ........................................
     [java] ........................................
     [java] ........................................
     [java] ........................................
     [java] ........................................
     [java] ........................................
     [java] ........................................
     [java] ........................................
     [java] ........................................
     [java] ........................................
     [java] ........................................
     [java] ........................................
     [java] ........................................
     [java] ........................................
     [java] ........................................
     [java] ........................................
     [java] ........................................
     [java] ........................................
     [java] ........................................
     [java] ........................................
     [java] ........................................
     [java] ........................................
     [java] ........................................
     [java] ........................................
     [java] ........................................
     [java] ........................................
     [java] ........................................
     [java] ........................................
     [java] ........................................
     [java] ........................one round
     [java]  Label   Precision Recall   F1   LCount PCount
     [java] ----------------------------------------------
     [java] false       99.888 99.915 99.901  29330  29338
     [java] true        87.113 83.663 85.354    202    194
     [java] ----------------------------------------------
     [java] Accuracy    99.804   -      -      -     29532
     [java] Accuracy : 0.9980360287146146
     [java]  Label   Precision Recall   F1   LCount PCount
     [java] ----------------------------------------------
     [java] false       99.888 99.915 99.901  29330  29338
     [java] true        87.113 83.663 85.354    202    194
     [java] ----------------------------------------------
     [java] Accuracy    99.804   -      -      -     29532
     [java] Accuracy : 0.9980360287146146
     [java] Profiling result
     [java] Profile runtime --> 766449 milliseconds
     [java] ----------------

BUILD SUCCESSFUL
Total time: 12 minutes 47 seconds
